(THU.CST) os is loading ...

Special kernel symbols:
  entry  0x00100000 (phys)
  etext  0x001035aa (phys)
  edata  0x0010ea16 (phys)
  end    0x0010fd80 (phys)
Kernel executable memory footprint: 64KB
ebp:0x00007b08 eip:0x00100a83 args: 0x00010094  0x00000000  0x00007b38  0x00100097 
    kern/debug/kdebug.c:307: print_stackframe+21
ebp:0x00007b18 eip:0x00100d72 args: 0x00000000  0x00000000  0x00000000  0x00007b88 
    kern/debug/kmonitor.c:125: mon_backtrace+10
ebp:0x00007b38 eip:0x00100097 args: 0x00000000  0x00007b60  0xffff0000  0x00007b64 
    kern/init/init.c:48: grade_backtrace2+33
ebp:0x00007b58 eip:0x001000c0 args: 0x00000000  0xffff0000  0x00007b84  0x00000029 
    kern/init/init.c:53: grade_backtrace1+38
ebp:0x00007b78 eip:0x001000de args: 0x00000000  0x00100000  0xffff0000  0x0000001d 
    kern/init/init.c:58: grade_backtrace0+23
ebp:0x00007b98 eip:0x00100103 args: 0x001035dc  0x001035c0  0x0000136a  0x00000000 
    kern/init/init.c:63: grade_backtrace+34
ebp:0x00007bc8 eip:0x00100055 args: 0x00000000  0x00000000  0x00000000  0x00010094 
    kern/init/init.c:28: kern_init+84
ebp:0x00007bf8 eip:0x00007d68 args: 0xc031fcfa  0xc08ed88e  0x64e4d08e  0xfa7502a8 
    <unknow>: -- 0x00007d67 --
++ setup timer interrupts
0: @ring 0
0:  cs = 8
0:  ds = 10
0:  es = 10
0:  ss = 10
+++ switch to  user  mode +++
1: @ring 3
1:  cs = 1b
1:  ds = 23
1:  es = 23
1:  ss = 23
+++ switch to kernel mode +++
2: @ring 0
2:  cs = 8
2:  ds = 10
2:  es = 10
2:  ss = 10
100 ticks
End of Test.
kernel panic at kern/trap/trap.c:18:
    EOT: kernel seems ok.
stack trackback:
ebp:0x00007aa0 eip:0x00100a83 args: 0x00103688  0x00007ae4  0x00000012  0xffffffff 
    kern/debug/kdebug.c:307: print_stackframe+21
ebp:0x00007ad0 eip:0x0010042d args: 0x0010394e  0x00000012  0x00103938  0x00000000 
    kern/debug/panic.c:27: __panic+105
ebp:0x00007af0 eip:0x00101846 args: 0x00103627  0x00007b5c  0x00007b20  0x00101e9c 
    kern/trap/trap.c:18: print_ticks+65
ebp:0x00007b30 eip:0x00101cf6 args: 0x00007b5c  0x0000000c  0x0010fd54  0x00010094 
    kern/trap/trap.c:172: trap_dispatch+124
ebp:0x00007b50 eip:0x00101e9c args: 0x00007b5c  0x00000001  0x00000000  0x00007bc8 
    kern/trap/trap.c:228: trap+16
ebp:0x00007bc8 eip:0x00102926 args: 0x00000000  0x00000000  0x00000000  0x00010094 
    kern/trap/trapentry.S:24: <unknown>+0
ebp:0x00007bf8 eip:0x00007d68 args: 0xc031fcfa  0xc08ed88e  0x64e4d08e  0xfa7502a8 
    <unknow>: -- 0x00007d67 --
Welcome to the kernel debug monitor!!
Type 'help' for a list of commands.
K> 