(THU.CST) os is loading ...

Special kernel symbols:
  entry  0xc0100036 (phys)
  etext  0xc010c5ab (phys)
  edata  0xc01b0000 (phys)
  end    0xc01b31cc (phys)
Kernel executable memory footprint: 717KB
ebp:0xc012bf38 eip:0xc0100bc8 args:0x00010094 0x00000000 0xc012bf68 0xc01000e4 
    kern/debug/kdebug.c:351: print_stackframe+21
ebp:0xc012bf48 eip:0xc0100eb7 args:0x00000000 0x00000000 0x00000000 0xc012bfb8 
    kern/debug/kmonitor.c:129: mon_backtrace+10
ebp:0xc012bf68 eip:0xc01000e4 args:0x00000000 0xc012bf90 0xffff0000 0xc012bf94 
    kern/init/init.c:59: grade_backtrace2+33
ebp:0xc012bf88 eip:0xc010010d args:0x00000000 0xffff0000 0xc012bfb4 0x0000002a 
    kern/init/init.c:64: grade_backtrace1+38
ebp:0xc012bfa8 eip:0xc010012b args:0x00000000 0xc0100036 0xffff0000 0x0000001d 
    kern/init/init.c:69: grade_backtrace0+23
ebp:0xc012bfc8 eip:0xc0100150 args:0xc010c5dc 0xc010c5c0 0x000031cc 0x00000000 
    kern/init/init.c:74: grade_backtrace+34
ebp:0xc012bff8 eip:0xc010008b args:0xc010c7bc 0xc010c7c4 0xc0100e3d 0xc010c7e3 
    kern/init/init.c:33: kern_init+84
memory management: default_pmm_manager
e820map:
  memory: 0009fc00, [00000000, 0009fbff], type = 1.
  memory: 00000400, [0009fc00, 0009ffff], type = 2.
  memory: 00010000, [000f0000, 000fffff], type = 2.
  memory: 07ee0000, [00100000, 07fdffff], type = 1.
  memory: 00020000, [07fe0000, 07ffffff], type = 2.
  memory: 00040000, [fffc0000, ffffffff], type = 2.
check_alloc_page() succeeded!
check_pgdir() succeeded!
check_boot_pgdir() succeeded!
-------------------- BEGIN --------------------
PDE(0e0) c0000000-f8000000 38000000 urw
  |-- PTE(38000) c0000000-f8000000 38000000 -rw
PDE(001) fac00000-fb000000 00400000 -rw
  |-- PTE(000e0) faf00000-fafe0000 000e0000 urw
  |-- PTE(00001) fafeb000-fafec000 00001000 -rw
--------------------- END ---------------------
use SLOB allocator
kmalloc_init() succeeded!
check_vma_struct() succeeded!
page fault at 0x00000100: K/W [no page found].
check_pgfault() succeeded!
check_vmm() succeeded.
sched class: stride_scheduler
ide 0:      10000(sectors), 'QEMU HARDDISK'.
ide 1:     262144(sectors), 'QEMU HARDDISK'.
SWAP: manager = fifo swap manager
BEGIN check_swap: count 1, total 31818
setup Page Table for vaddr 0X1000, so alloc a page
setup Page Table vaddr 0~4MB OVER!
set up init env for check_swap begin!
page fault at 0x00001000: K/W [no page found].
page fault at 0x00002000: K/W [no page found].
page fault at 0x00003000: K/W [no page found].
page fault at 0x00004000: K/W [no page found].
set up init env for check_swap over!
write Virt Page c in fifo_check_swap
write Virt Page a in fifo_check_swap
write Virt Page d in fifo_check_swap
write Virt Page b in fifo_check_swap
write Virt Page e in fifo_check_swap
page fault at 0x00005000: K/W [no page found].
swap_out: i 0, store page in vaddr 0x1000 to disk swap entry 2
write Virt Page b in fifo_check_swap
write Virt Page a in fifo_check_swap
page fault at 0x00001000: K/W [no page found].
do pgfault: ptep c0396004, pte 200
swap_out: i 0, store page in vaddr 0x2000 to disk swap entry 3
swap_in: load disk swap entry 2 with swap_page in vadr 0x1000
write Virt Page b in fifo_check_swap
page fault at 0x00002000: K/W [no page found].
do pgfault: ptep c0396008, pte 300
swap_out: i 0, store page in vaddr 0x3000 to disk swap entry 4
swap_in: load disk swap entry 3 with swap_page in vadr 0x2000
write Virt Page c in fifo_check_swap
page fault at 0x00003000: K/W [no page found].
do pgfault: ptep c039600c, pte 400
swap_out: i 0, store page in vaddr 0x4000 to disk swap entry 5
swap_in: load disk swap entry 4 with swap_page in vadr 0x3000
write Virt Page d in fifo_check_swap
page fault at 0x00004000: K/W [no page found].
do pgfault: ptep c0396010, pte 500
swap_out: i 0, store page in vaddr 0x5000 to disk swap entry 6
swap_in: load disk swap entry 5 with swap_page in vadr 0x4000
write Virt Page e in fifo_check_swap
page fault at 0x00005000: K/W [no page found].
do pgfault: ptep c0396014, pte 600
swap_out: i 0, store page in vaddr 0x1000 to disk swap entry 2
swap_in: load disk swap entry 6 with swap_page in vadr 0x5000
write Virt Page a in fifo_check_swap
page fault at 0x00001000: K/R [no page found].
do pgfault: ptep c0396004, pte 200
swap_out: i 0, store page in vaddr 0x2000 to disk swap entry 3
swap_in: load disk swap entry 2 with swap_page in vadr 0x1000
count is 0, total is 5
check_swap() succeeded!
++ setup timer interrupts
kernel_execve: pid = 2, name = "matrix".
fork ok.
pid 3 is running (1000 times)!.
pid 5 is running (1100 times)!.
pid 4 is running (1000 times)!.
pid 7 is running (4600 times)!.
pid 9 is running (20600 times)!.
pid 11 is running (2600 times)!.
pid 13 is running (37100 times)!.
pid 15 is running (23500 times)!.
pid 17 is running (23500 times)!.
pid 19 is running (33400 times)!.
pid 21 is running (2600 times)!.
pid 22 is running (26600 times)!.
pid 6 is running (1900 times)!.
pid 8 is running (11000 times)!.
pid 10 is running (37100 times)!.
pid 12 is running (13100 times)!.
pid 14 is running (4600 times)!.
pid 16 is running (2600 times)!.
pid 18 is running (4600 times)!.
pid 20 is running (13100 times)!.
pid 23 is running (13100 times)!.
pid 4 done!.
pid 3 done!.
pid 5 done!.
pid 6 done!.
pid 21 done!.
pid 16 done!.
pid 11 done!.
pid 14 done!.
pid 7 done!.
pid 18 done!.
pid 8 done!.
pid 12 done!.
pid 20 done!.
pid 23 done!.
pid 9 done!.
pid 17 done!.
pid 15 done!.
pid 22 done!.
pid 19 done!.
pid 10 done!.
pid 13 done!.
matrix pass.
all user-mode processes have quit.
init check memory pass.
kernel panic at kern/process/proc.c:469:
    initproc exit.

stack trackback:
ebp:0xc0395f88 eip:0xc0100bc8 args:0xc010c688 0xc0395fcc 0x000001d5 0xc0395fb8 
    kern/debug/kdebug.c:351: print_stackframe+21
ebp:0xc0395fb8 eip:0xc010047a args:0xc010e6cc 0x000001d5 0xc010e71e 0x00000000 
    kern/debug/panic.c:27: __panic+105
ebp:0xc0395fe8 eip:0xc010a238 args:0x00000000 0x00000000 0x00000000 0x00000010 
    kern/process/proc.c:469: do_exit+91
Welcome to the kernel debug monitor!!
Type 'help' for a list of commands.
K> 