(THU.CST) os is loading ...

Special kernel symbols:
  entry  0xc0100036 (phys)
  etext  0xc010c0a2 (phys)
  edata  0xc019e000 (phys)
  end    0xc01a11ac (phys)
Kernel executable memory footprint: 645KB
ebp:0xc0129f38 eip:0xc0100bc3 args:0x00010094 0x00000000 0xc0129f68 0xc01000df 
    kern/debug/kdebug.c:351: print_stackframe+21
ebp:0xc0129f48 eip:0xc0100eb2 args:0x00000000 0x00000000 0x00000000 0xc0129fb8 
    kern/debug/kmonitor.c:129: mon_backtrace+10
ebp:0xc0129f68 eip:0xc01000df args:0x00000000 0xc0129f90 0xffff0000 0xc0129f94 
    kern/init/init.c:58: grade_backtrace2+33
ebp:0xc0129f88 eip:0xc0100108 args:0x00000000 0xffff0000 0xc0129fb4 0x0000002a 
    kern/init/init.c:63: grade_backtrace1+38
ebp:0xc0129fa8 eip:0xc0100126 args:0x00000000 0xc0100036 0xffff0000 0x0000001d 
    kern/init/init.c:68: grade_backtrace0+23
ebp:0xc0129fc8 eip:0xc010014b args:0xc010c0dc 0xc010c0c0 0x000031ac 0x00000000 
    kern/init/init.c:73: grade_backtrace+34
ebp:0xc0129ff8 eip:0xc010008b args:0xc010c2bc 0xc010c2c4 0xc0100e38 0xc010c2e3 
    kern/init/init.c:33: kern_init+84
memory management: default_pmm_manager
e820map:
  memory: 0009fc00, [00000000, 0009fbff], type = 1.
  memory: 00000400, [0009fc00, 0009ffff], type = 2.
  memory: 00010000, [000f0000, 000fffff], type = 2.
  memory: 07ee0000, [00100000, 07fdffff], type = 1.
  memory: 00020000, [07fe0000, 07ffffff], type = 2.
  memory: 00040000, [fffc0000, ffffffff], type = 2.
check_alloc_page() succeeded!
check_pgdir() succeeded!
check_boot_pgdir() succeeded!
-------------------- BEGIN --------------------
PDE(0e0) c0000000-f8000000 38000000 urw
  |-- PTE(38000) c0000000-f8000000 38000000 -rw
PDE(001) fac00000-fb000000 00400000 -rw
  |-- PTE(000e0) faf00000-fafe0000 000e0000 urw
  |-- PTE(00001) fafeb000-fafec000 00001000 -rw
--------------------- END ---------------------
use SLOB allocator
kmalloc_init() succeeded!
check_vma_struct() succeeded!
page fault at 0x00000100: K/W [no page found].
check_pgfault() succeeded!
check_vmm() succeeded.
ide 0:      10000(sectors), 'QEMU HARDDISK'.
ide 1:     262144(sectors), 'QEMU HARDDISK'.
SWAP: manager = fifo swap manager
BEGIN check_swap: count 1, total 31836
setup Page Table for vaddr 0X1000, so alloc a page
setup Page Table vaddr 0~4MB OVER!
set up init env for check_swap begin!
page fault at 0x00001000: K/W [no page found].
page fault at 0x00002000: K/W [no page found].
page fault at 0x00003000: K/W [no page found].
page fault at 0x00004000: K/W [no page found].
set up init env for check_swap over!
write Virt Page c in fifo_check_swap
write Virt Page a in fifo_check_swap
write Virt Page d in fifo_check_swap
write Virt Page b in fifo_check_swap
write Virt Page e in fifo_check_swap
page fault at 0x00005000: K/W [no page found].
swap_out: i 0, store page in vaddr 0x1000 to disk swap entry 2
write Virt Page b in fifo_check_swap
write Virt Page a in fifo_check_swap
page fault at 0x00001000: K/W [no page found].
do pgfault: ptep c0384004, pte 200
swap_out: i 0, store page in vaddr 0x2000 to disk swap entry 3
swap_in: load disk swap entry 2 with swap_page in vadr 0x1000
write Virt Page b in fifo_check_swap
page fault at 0x00002000: K/W [no page found].
do pgfault: ptep c0384008, pte 300
swap_out: i 0, store page in vaddr 0x3000 to disk swap entry 4
swap_in: load disk swap entry 3 with swap_page in vadr 0x2000
write Virt Page c in fifo_check_swap
page fault at 0x00003000: K/W [no page found].
do pgfault: ptep c038400c, pte 400
swap_out: i 0, store page in vaddr 0x4000 to disk swap entry 5
swap_in: load disk swap entry 4 with swap_page in vadr 0x3000
write Virt Page d in fifo_check_swap
page fault at 0x00004000: K/W [no page found].
do pgfault: ptep c0384010, pte 500
swap_out: i 0, store page in vaddr 0x5000 to disk swap entry 6
swap_in: load disk swap entry 5 with swap_page in vadr 0x4000
write Virt Page e in fifo_check_swap
page fault at 0x00005000: K/W [no page found].
do pgfault: ptep c0384014, pte 600
swap_out: i 0, store page in vaddr 0x1000 to disk swap entry 2
swap_in: load disk swap entry 6 with swap_page in vadr 0x5000
write Virt Page a in fifo_check_swap
page fault at 0x00001000: K/R [no page found].
do pgfault: ptep c0384004, pte 200
swap_out: i 0, store page in vaddr 0x2000 to disk swap entry 3
swap_in: load disk swap entry 2 with swap_page in vadr 0x1000
count is 0, total is 5
check_swap() succeeded!
++ setup timer interrupts
kernel_execve: pid = 2, name = "faultreadkernel".
not valid addr fac00000, and  can not find it in vma
trapframe at 0xc038afb4
  edi  0x00000000
  esi  0x00000000
  ebp  0xafffffa8
  oesp 0xc038afd4
  ebx  0x00000000
  edx  0x00000000
  ecx  0x00000000
  eax  0xfac00000
  ds   0x----0023
  es   0x----0023
  fs   0x----0000
  gs   0x----0000
  trap 0x0000000e Page Fault
  err  0x00000005
  eip  0x00800f9f
  cs   0x----001b
  flag 0x00000286 PF,SF,IF,IOPL=0
  esp  0xafffff90
  ss   0x----0023
killed by kernel.
kernel panic at kern/trap/trap.c:225:
    handle user mode pgfault failed. ret=-3

stack trackback:
ebp:0xc038af08 eip:0xc0100bc3 args:0xc010c188 0xc038af4c 0x000000e1 0xc038af50 
    kern/debug/kdebug.c:351: print_stackframe+21
ebp:0xc038af38 eip:0xc0100475 args:0xc010c54e 0x000000e1 0xc010c7f0 0xfffffffd 
    kern/debug/panic.c:27: __panic+105
ebp:0xc038af78 eip:0xc010297b args:0xc038afb4 0x00000000 0x0080026b 0x0000001b 
    kern/trap/trap.c:225: trap_dispatch+292
ebp:0xc038afa8 eip:0xc0102be4 args:0xc038afb4 0x00000000 0x00000000 0xafffffa8 
    kern/trap/trap.c:325: trap+74
ebp:0xafffffa8 eip:0xc01036ab args:0x00000000 0x00000000 0x00000000 0x00000000 
    kern/trap/trapentry.S:24: <unknown>+0
ebp:0xafffffd8 eip:0x0080034d args:0x00000000 0x00000000 0x00000000 0x00000000 
    user/libs/umain.c:7: umain+10
Welcome to the kernel debug monitor!!
Type 'help' for a list of commands.
K> 