(THU.CST) os is loading ...

Special kernel symbols:
  entry  0xc0100036 (phys)
  etext  0xc010d98a (phys)
  edata  0xc01c4000 (phys)
  end    0xc01c7304 (phys)
Kernel executable memory footprint: 797KB
ebp:0xc0130f38 eip:0xc0100bc8 args:0x00010094 0x00000000 0xc0130f68 0xc01000e4 
    kern/debug/kdebug.c:350: print_stackframe+21
ebp:0xc0130f48 eip:0xc0100eb7 args:0x00000000 0x00000000 0x00000000 0xc0130fb8 
    kern/debug/kmonitor.c:129: mon_backtrace+10
ebp:0xc0130f68 eip:0xc01000e4 args:0x00000000 0xc0130f90 0xffff0000 0xc0130f94 
    kern/init/init.c:59: grade_backtrace2+33
ebp:0xc0130f88 eip:0xc010010d args:0x00000000 0xffff0000 0xc0130fb4 0x0000002a 
    kern/init/init.c:64: grade_backtrace1+38
ebp:0xc0130fa8 eip:0xc010012b args:0x00000000 0xc0100036 0xffff0000 0x0000001d 
    kern/init/init.c:69: grade_backtrace0+23
ebp:0xc0130fc8 eip:0xc0100150 args:0xc010d9bc 0xc010d9a0 0x00003304 0x00000000 
    kern/init/init.c:74: grade_backtrace+34
ebp:0xc0130ff8 eip:0xc010008b args:0xc010db9c 0xc010dba4 0xc0100e3d 0xc010dbc3 
    kern/init/init.c:33: kern_init+84
memory management: default_pmm_manager
e820map:
  memory: 0009fc00, [00000000, 0009fbff], type = 1.
  memory: 00000400, [0009fc00, 0009ffff], type = 2.
  memory: 00010000, [000f0000, 000fffff], type = 2.
  memory: 07ee0000, [00100000, 07fdffff], type = 1.
  memory: 00020000, [07fe0000, 07ffffff], type = 2.
  memory: 00040000, [fffc0000, ffffffff], type = 2.
check_alloc_page() succeeded!
check_pgdir() succeeded!
check_boot_pgdir() succeeded!
-------------------- BEGIN --------------------
PDE(0e0) c0000000-f8000000 38000000 urw
  |-- PTE(38000) c0000000-f8000000 38000000 -rw
PDE(001) fac00000-fb000000 00400000 -rw
  |-- PTE(000e0) faf00000-fafe0000 000e0000 urw
  |-- PTE(00001) fafeb000-fafec000 00001000 -rw
--------------------- END ---------------------
use SLOB allocator
kmalloc_init() succeeded!
check_vma_struct() succeeded!
page fault at 0x00000100: K/W [no page found].
check_pgfault() succeeded!
check_vmm() succeeded.
sched class: stride_scheduler
ide 0:      10000(sectors), 'QEMU HARDDISK'.
ide 1:     262144(sectors), 'QEMU HARDDISK'.
SWAP: manager = fifo swap manager
BEGIN check_swap: count 1, total 31798
setup Page Table for vaddr 0X1000, so alloc a page
setup Page Table vaddr 0~4MB OVER!
set up init env for check_swap begin!
page fault at 0x00001000: K/W [no page found].
page fault at 0x00002000: K/W [no page found].
page fault at 0x00003000: K/W [no page found].
page fault at 0x00004000: K/W [no page found].
set up init env for check_swap over!
write Virt Page c in fifo_check_swap
write Virt Page a in fifo_check_swap
write Virt Page d in fifo_check_swap
write Virt Page b in fifo_check_swap
write Virt Page e in fifo_check_swap
page fault at 0x00005000: K/W [no page found].
swap_out: i 0, store page in vaddr 0x1000 to disk swap entry 2
write Virt Page b in fifo_check_swap
write Virt Page a in fifo_check_swap
page fault at 0x00001000: K/W [no page found].
do pgfault: ptep c03aa004, pte 200
swap_out: i 0, store page in vaddr 0x2000 to disk swap entry 3
swap_in: load disk swap entry 2 with swap_page in vadr 0x1000
write Virt Page b in fifo_check_swap
page fault at 0x00002000: K/W [no page found].
do pgfault: ptep c03aa008, pte 300
swap_out: i 0, store page in vaddr 0x3000 to disk swap entry 4
swap_in: load disk swap entry 3 with swap_page in vadr 0x2000
write Virt Page c in fifo_check_swap
page fault at 0x00003000: K/W [no page found].
do pgfault: ptep c03aa00c, pte 400
swap_out: i 0, store page in vaddr 0x4000 to disk swap entry 5
swap_in: load disk swap entry 4 with swap_page in vadr 0x3000
write Virt Page d in fifo_check_swap
page fault at 0x00004000: K/W [no page found].
do pgfault: ptep c03aa010, pte 500
swap_out: i 0, store page in vaddr 0x5000 to disk swap entry 6
swap_in: load disk swap entry 5 with swap_page in vadr 0x4000
write Virt Page e in fifo_check_swap
page fault at 0x00005000: K/W [no page found].
do pgfault: ptep c03aa014, pte 600
swap_out: i 0, store page in vaddr 0x1000 to disk swap entry 2
swap_in: load disk swap entry 6 with swap_page in vadr 0x5000
write Virt Page a in fifo_check_swap
page fault at 0x00001000: K/R [no page found].
do pgfault: ptep c03aa004, pte 200
swap_out: i 0, store page in vaddr 0x2000 to disk swap entry 3
swap_in: load disk swap entry 2 with swap_page in vadr 0x1000
count is 0, total is 5
check_swap() succeeded!
++ setup timer interrupts
I am No.4 philosopher_condvar
Iter 1, No.4 philosopher_condvar is thinking
I am No.3 philosopher_condvar
Iter 1, No.3 philosopher_condvar is thinking
I am No.2 philosopher_condvar
Iter 1, No.2 philosopher_condvar is thinking
I am No.1 philosopher_condvar
Iter 1, No.1 philosopher_condvar is thinking
I am No.0 philosopher_condvar
Iter 1, No.0 philosopher_condvar is thinking
I am No.4 philosopher_sema
Iter 1, No.4 philosopher_sema is thinking
I am No.3 philosopher_sema
Iter 1, No.3 philosopher_sema is thinking
I am No.2 philosopher_sema
Iter 1, No.2 philosopher_sema is thinking
I am No.1 philosopher_sema
Iter 1, No.1 philosopher_sema is thinking
I am No.0 philosopher_sema
Iter 1, No.0 philosopher_sema is thinking
kernel_execve: pid = 2, name = "faultreadkernel".
not valid addr fac00000, and  can not find it in vma
trapframe at 0xc03b0fb4
  edi  0x00000000
  esi  0x00000000
  ebp  0xafffffa8
  oesp 0xc03b0fd4
  ebx  0x00000000
  edx  0x00000000
  ecx  0x00000000
  eax  0xfac00000
  ds   0x----0023
  es   0x----0023
  fs   0x----0000
  gs   0x----0000
  trap 0x0000000e Page Fault
  err  0x00000005
  eip  0x0080101c
  cs   0x----001b
  flag 0x00000286 PF,SF,IF,IOPL=0
  esp  0xafffff90
  ss   0x----0023
killed by kernel.
kernel panic at kern/trap/trap.c:226:
    handle user mode pgfault failed. ret=-3

stack trackback:
ebp:0xc03b0f08 eip:0xc0100bc8 args:0xc010da68 0xc03b0f4c 0x000000e2 0xc03b0f50 
    kern/debug/kdebug.c:350: print_stackframe+21
ebp:0xc03b0f38 eip:0xc010047a args:0xc010de2e 0x000000e2 0xc010e0d0 0xfffffffd 
    kern/debug/panic.c:27: __panic+105
ebp:0xc03b0f78 eip:0xc0102980 args:0xc03b0fb4 0x00000000 0x008002e8 0x0000001b 
    kern/trap/trap.c:226: trap_dispatch+292
ebp:0xc03b0fa8 eip:0xc0102bb9 args:0xc03b0fb4 0x00000000 0x00000000 0xafffffa8 
    kern/trap/trap.c:331: trap+74
ebp:0xafffffa8 eip:0xc0103680 args:0x00000000 0x00000000 0x00000000 0x00000000 
    kern/trap/trapentry.S:24: <unknown>+0
ebp:0xafffffd8 eip:0x008003ca args:0x00000000 0x00000000 0x00000000 0x00000000 
    user/libs/umain.c:7: umain+10
Welcome to the kernel debug monitor!!
Type 'help' for a list of commands.
K> 