(THU.CST) os is loading ...

Special kernel symbols:
  entry  0xc0100036 (phys)
  etext  0xc0115874 (phys)
  edata  0xc0152000 (phys)
  end    0xc0156364 (phys)
Kernel executable memory footprint: 345KB
ebp:0xc014ef38 eip:0xc0100cb6 args:0xc010034c 0xffff6ad9 0xc014ef68 0xc01000e9 
    kern/debug/kdebug.c:350: print_stackframe+21
ebp:0xc014ef48 eip:0xc0100fa5 args:0x00000000 0x00000000 0x00000000 0xc01003a2 
    kern/debug/kmonitor.c:129: mon_backtrace+10
ebp:0xc014ef68 eip:0xc01000e9 args:0x00000000 0xc014ef90 0xffff0000 0xc014ef94 
    kern/init/init.c:61: grade_backtrace2+33
ebp:0xc014ef88 eip:0xc0100112 args:0x00000000 0xffff0000 0xc014efb4 0x0000002a 
    kern/init/init.c:66: grade_backtrace1+38
ebp:0xc014efa8 eip:0xc0100130 args:0x00000000 0xc0100036 0xffff0000 0x0000001d 
    kern/init/init.c:71: grade_backtrace0+23
ebp:0xc014efc8 eip:0xc0100155 args:0xc011589c 0xc0115880 0x00004364 0x00000000 
    kern/init/init.c:76: grade_backtrace+34
ebp:0xc014eff8 eip:0xc010008b args:0xc0115a7c 0xc0115a84 0xc0100f2b 0xc0115aa3 
    kern/init/init.c:34: kern_init+84
memory management: default_pmm_manager
e820map:
  memory: 0009fc00, [00000000, 0009fbff], type = 1.
  memory: 00000400, [0009fc00, 0009ffff], type = 2.
  memory: 00010000, [000f0000, 000fffff], type = 2.
  memory: 07ee0000, [00100000, 07fdffff], type = 1.
  memory: 00020000, [07fe0000, 07ffffff], type = 2.
  memory: 00040000, [fffc0000, ffffffff], type = 2.
check_alloc_page() succeeded!
check_pgdir() succeeded!
check_boot_pgdir() succeeded!
-------------------- BEGIN --------------------
PDE(0e0) c0000000-f8000000 38000000 urw
  |-- PTE(38000) c0000000-f8000000 38000000 -rw
PDE(001) fac00000-fb000000 00400000 -rw
  |-- PTE(000e0) faf00000-fafe0000 000e0000 urw
  |-- PTE(00001) fafeb000-fafec000 00001000 -rw
--------------------- END ---------------------
use SLOB allocator
kmalloc_init() succeeded!
check_vma_struct() succeeded!
page fault at 0x00000100: K/W [no page found].
check_pgfault() succeeded!
check_vmm() succeeded.
sched class: stride_scheduler
ide 0:      10000(sectors), 'QEMU HARDDISK'.
ide 1:     262144(sectors), 'QEMU HARDDISK'.
ide 2:     262144(sectors), 'QEMU HARDDISK'.
SWAP: manager = fifo swap manager
BEGIN check_swap: count 1, total 31909
setup Page Table for vaddr 0X1000, so alloc a page
setup Page Table vaddr 0~4MB OVER!
set up init env for check_swap begin!
page fault at 0x00001000: K/W [no page found].
page fault at 0x00002000: K/W [no page found].
page fault at 0x00003000: K/W [no page found].
page fault at 0x00004000: K/W [no page found].
set up init env for check_swap over!
write Virt Page c in fifo_check_swap
write Virt Page a in fifo_check_swap
write Virt Page d in fifo_check_swap
write Virt Page b in fifo_check_swap
write Virt Page e in fifo_check_swap
page fault at 0x00005000: K/W [no page found].
swap_out: i 0, store page in vaddr 0x1000 to disk swap entry 2
write Virt Page b in fifo_check_swap
write Virt Page a in fifo_check_swap
page fault at 0x00001000: K/W [no page found].
do pgfault: ptep c033b004, pte 200
swap_out: i 0, store page in vaddr 0x2000 to disk swap entry 3
swap_in: load disk swap entry 2 with swap_page in vadr 0x1000
write Virt Page b in fifo_check_swap
page fault at 0x00002000: K/W [no page found].
do pgfault: ptep c033b008, pte 300
swap_out: i 0, store page in vaddr 0x3000 to disk swap entry 4
swap_in: load disk swap entry 3 with swap_page in vadr 0x2000
write Virt Page c in fifo_check_swap
page fault at 0x00003000: K/W [no page found].
do pgfault: ptep c033b00c, pte 400
swap_out: i 0, store page in vaddr 0x4000 to disk swap entry 5
swap_in: load disk swap entry 4 with swap_page in vadr 0x3000
write Virt Page d in fifo_check_swap
page fault at 0x00004000: K/W [no page found].
do pgfault: ptep c033b010, pte 500
swap_out: i 0, store page in vaddr 0x5000 to disk swap entry 6
swap_in: load disk swap entry 5 with swap_page in vadr 0x4000
write Virt Page e in fifo_check_swap
page fault at 0x00005000: K/W [no page found].
do pgfault: ptep c033b014, pte 600
swap_out: i 0, store page in vaddr 0x1000 to disk swap entry 2
swap_in: load disk swap entry 6 with swap_page in vadr 0x5000
write Virt Page a in fifo_check_swap
page fault at 0x00001000: K/R [no page found].
do pgfault: ptep c033b004, pte 200
swap_out: i 0, store page in vaddr 0x2000 to disk swap entry 3
swap_in: load disk swap entry 2 with swap_page in vadr 0x1000
count is 0, total is 5
check_swap() succeeded!
sfs: mount: 'simple file system' (274/32494/32768)
vfs: mount disk0.
++ setup timer interrupts
I am No.4 philosopher_condvar
Iter 1, No.4 philosopher_condvar is thinking
I am No.3 philosopher_condvar
Iter 1, No.3 philosopher_condvar is thinking
I am No.2 philosopher_condvar
Iter 1, No.2 philosopher_condvar is thinking
I am No.1 philosopher_condvar
Iter 1, No.1 philosopher_condvar is thinking
I am No.0 philosopher_condvar
Iter 1, No.0 philosopher_condvar is thinking
I am No.4 philosopher_sema
Iter 1, No.4 philosopher_sema is thinking
I am No.3 philosopher_sema
Iter 1, No.3 philosopher_sema is thinking
I am No.2 philosopher_sema
Iter 1, No.2 philosopher_sema is thinking
I am No.1 philosopher_sema
Iter 1, No.1 philosopher_sema is thinking
I am No.0 philosopher_sema
Iter 1, No.0 philosopher_sema is thinking
kernel_execve: pid = 2, name = "forktree".
forktree process will sleep 400 ticks
phi_test_condvar: state_condvar[2] will eating
phi_test_condvar: signal self_cv[2] 
cond_signal begin: cvp c0336a08, cvp->count 0, cvp->owner->next_count 0
cond_signal end: cvp c0336a08, cvp->count 0, cvp->owner->next_count 0
Iter 1, No.2 philosopher_condvar is eating
phi_take_forks_condvar: 3 didn't get fork and will wait
cond_wait begin:  cvp c0336a1c, cvp->count 0, cvp->owner->next_count 0
phi_test_condvar: state_condvar[4] will eating
phi_test_condvar: signal self_cv[4] 
cond_signal begin: cvp c0336a30, cvp->count 0, cvp->owner->next_count 0
cond_signal end: cvp c0336a30, cvp->count 0, cvp->owner->next_count 0
Iter 1, No.4 philosopher_condvar is eating
Iter 1, No.1 philosopher_sema is eating
Iter 1, No.3 philosopher_sema is eating
phi_take_forks_condvar: 0 didn't get fork and will wait
cond_wait begin:  cvp c03369e0, cvp->count 0, cvp->owner->next_count 0
phi_take_forks_condvar: 1 didn't get fork and will wait
cond_wait begin:  cvp c03369f4, cvp->count 0, cvp->owner->next_count 0
phi_test_condvar: state_condvar[1] will eating
phi_test_condvar: signal self_cv[1] 
cond_signal begin: cvp c03369f4, cvp->count 1, cvp->owner->next_count 0
cond_wait end:  cvp c03369f4, cvp->count 0, cvp->owner->next_count 1
Iter 1, No.1 philosopher_condvar is eating
cond_signal end: cvp c03369f4, cvp->count 0, cvp->owner->next_count 0
Iter 2, No.2 philosopher_condvar is thinking
Iter 2, No.3 philosopher_sema is thinking
Iter 1, No.4 philosopher_sema is eating
Iter 2, No.1 philosopher_sema is thinking
Iter 1, No.2 philosopher_sema is eating
phi_test_condvar: state_condvar[3] will eating
phi_test_condvar: signal self_cv[3] 
cond_signal begin: cvp c0336a1c, cvp->count 1, cvp->owner->next_count 0
cond_wait end:  cvp c0336a1c, cvp->count 0, cvp->owner->next_count 1
Iter 1, No.3 philosopher_condvar is eating
cond_signal end: cvp c0336a1c, cvp->count 0, cvp->owner->next_count 0
Iter 2, No.4 philosopher_condvar is thinking
phi_test_condvar: state_condvar[0] will eating
phi_test_condvar: signal self_cv[0] 
cond_signal begin: cvp c03369e0, cvp->count 1, cvp->owner->next_count 0
cond_wait end:  cvp c03369e0, cvp->count 0, cvp->owner->next_count 1
Iter 1, No.0 philosopher_condvar is eating
cond_signal end: cvp c03369e0, cvp->count 0, cvp->owner->next_count 0
Iter 2, No.1 philosopher_condvar is thinking
phi_take_forks_condvar: 2 didn't get fork and will wait
cond_wait begin:  cvp c0336a08, cvp->count 0, cvp->owner->next_count 0
phi_test_condvar: state_condvar[2] will eating
phi_test_condvar: signal self_cv[2] 
cond_signal begin: cvp c0336a08, cvp->count 1, cvp->owner->next_count 0
Iter 2, No.2 philosopher_sema is thinking
Iter 2, No.1 philosopher_sema is eating
Iter 2, No.4 philosopher_sema is thinking
Iter 2, No.3 philosopher_sema is eating
cond_wait end:  cvp c0336a08, cvp->count 0, cvp->owner->next_count 1
Iter 2, No.2 philosopher_condvar is eating
cond_signal end: cvp c0336a08, cvp->count 0, cvp->owner->next_count 0
Iter 2, No.3 philosopher_condvar is thinking
phi_take_forks_condvar: 4 didn't get fork and will wait
cond_wait begin:  cvp c0336a30, cvp->count 0, cvp->owner->next_count 0
phi_take_forks_condvar: 1 didn't get fork and will wait
cond_wait begin:  cvp c03369f4, cvp->count 0, cvp->owner->next_count 0
phi_test_condvar: state_condvar[4] will eating
phi_test_condvar: signal self_cv[4] 
cond_signal begin: cvp c0336a30, cvp->count 1, cvp->owner->next_count 0
cond_wait end:  cvp c0336a30, cvp->count 0, cvp->owner->next_count 1
Iter 2, No.4 philosopher_condvar is eating
cond_signal end: cvp c0336a30, cvp->count 0, cvp->owner->next_count 0
Iter 2, No.0 philosopher_condvar is thinking
Iter 3, No.3 philosopher_sema is thinking
Iter 2, No.4 philosopher_sema is eating
Iter 3, No.1 philosopher_sema is thinking
Iter 2, No.2 philosopher_sema is eating
phi_test_condvar: state_condvar[1] will eating
phi_test_condvar: signal self_cv[1] 
cond_signal begin: cvp c03369f4, cvp->count 1, cvp->owner->next_count 0
cond_wait end:  cvp c03369f4, cvp->count 0, cvp->owner->next_count 1
Iter 2, No.1 philosopher_condvar is eating
cond_signal end: cvp c03369f4, cvp->count 0, cvp->owner->next_count 0
Iter 3, No.2 philosopher_condvar is thinking
phi_take_forks_condvar: 3 didn't get fork and will wait
cond_wait begin:  cvp c0336a1c, cvp->count 0, cvp->owner->next_count 0
phi_take_forks_condvar: 0 didn't get fork and will wait
cond_wait begin:  cvp c03369e0, cvp->count 0, cvp->owner->next_count 0
phi_test_condvar: state_condvar[3] will eating
phi_test_condvar: signal self_cv[3] 
cond_signal begin: cvp c0336a1c, cvp->count 1, cvp->owner->next_count 0
cond_wait end:  cvp c0336a1c, cvp->count 0, cvp->owner->next_count 1
Iter 2, No.3 philosopher_condvar is eating
cond_signal end: cvp c0336a1c, cvp->count 0, cvp->owner->next_count 0
Iter 3, No.4 philosopher_condvar is thinking
phi_take_forks_condvar: 2 didn't get fork and will wait
cond_wait begin:  cvp c0336a08, cvp->count 0, cvp->owner->next_count 0
phi_test_condvar: state_condvar[0] will eating
phi_test_condvar: signal self_cv[0] 
cond_signal begin: cvp c03369e0, cvp->count 1, cvp->owner->next_count 0
Iter 3, No.2 philosopher_sema is thinking
Iter 3, No.1 philosopher_sema is eating
Iter 3, No.4 philosopher_sema is thinking
Iter 3, No.3 philosopher_sema is eating
cond_wait end:  cvp c03369e0, cvp->count 0, cvp->owner->next_count 1
Iter 2, No.0 philosopher_condvar is eating
cond_signal end: cvp c03369e0, cvp->count 0, cvp->owner->next_count 0
Iter 3, No.1 philosopher_condvar is thinking
phi_take_forks_condvar: 4 didn't get fork and will wait
cond_wait begin:  cvp c0336a30, cvp->count 0, cvp->owner->next_count 0
phi_test_condvar: state_condvar[2] will eating
phi_test_condvar: signal self_cv[2] 
cond_signal begin: cvp c0336a08, cvp->count 1, cvp->owner->next_count 0
cond_wait end:  cvp c0336a08, cvp->count 0, cvp->owner->next_count 1
Iter 3, No.2 philosopher_condvar is eating
cond_signal end: cvp c0336a08, cvp->count 0, cvp->owner->next_count 0
Iter 3, No.3 philosopher_condvar is thinking
Iter 4, No.3 philosopher_sema is thinking
Iter 3, No.4 philosopher_sema is eating
Iter 4, No.1 philosopher_sema is thinking
Iter 3, No.2 philosopher_sema is eating
phi_take_forks_condvar: 1 didn't get fork and will wait
cond_wait begin:  cvp c03369f4, cvp->count 0, cvp->owner->next_count 0
phi_test_condvar: state_condvar[4] will eating
phi_test_condvar: signal self_cv[4] 
cond_signal begin: cvp c0336a30, cvp->count 1, cvp->owner->next_count 0
cond_wait end:  cvp c0336a30, cvp->count 0, cvp->owner->next_count 1
Iter 3, No.4 philosopher_condvar is eating
cond_signal end: cvp c0336a30, cvp->count 0, cvp->owner->next_count 0
Iter 3, No.0 philosopher_condvar is thinking
phi_take_forks_condvar: 3 didn't get fork and will wait
cond_wait begin:  cvp c0336a1c, cvp->count 0, cvp->owner->next_count 0
phi_test_condvar: state_condvar[1] will eating
phi_test_condvar: signal self_cv[1] 
cond_signal begin: cvp c03369f4, cvp->count 1, cvp->owner->next_count 0
cond_wait end:  cvp c03369f4, cvp->count 0, cvp->owner->next_count 1
Iter 3, No.1 philosopher_condvar is eating
cond_signal end: cvp c03369f4, cvp->count 0, cvp->owner->next_count 0
Iter 4, No.2 philosopher_condvar is thinking
Iter 4, No.2 philosopher_sema is thinking
Iter 4, No.1 philosopher_sema is eating
Iter 4, No.4 philosopher_sema is thinking
Iter 4, No.3 philosopher_sema is eating
phi_take_forks_condvar: 0 didn't get fork and will wait
cond_wait begin:  cvp c03369e0, cvp->count 0, cvp->owner->next_count 0
phi_test_condvar: state_condvar[3] will eating
phi_test_condvar: signal self_cv[3] 
cond_signal begin: cvp c0336a1c, cvp->count 1, cvp->owner->next_count 0
cond_wait end:  cvp c0336a1c, cvp->count 0, cvp->owner->next_count 1
Iter 3, No.3 philosopher_condvar is eating
cond_signal end: cvp c0336a1c, cvp->count 0, cvp->owner->next_count 0
Iter 4, No.4 philosopher_condvar is thinking
phi_take_forks_condvar: 2 didn't get fork and will wait
cond_wait begin:  cvp c0336a08, cvp->count 0, cvp->owner->next_count 0
phi_test_condvar: state_condvar[0] will eating
phi_test_condvar: signal self_cv[0] 
cond_signal begin: cvp c03369e0, cvp->count 1, cvp->owner->next_count 0
cond_wait end:  cvp c03369e0, cvp->count 0, cvp->owner->next_count 1
Iter 3, No.0 philosopher_condvar is eating
cond_signal end: cvp c03369e0, cvp->count 0, cvp->owner->next_count 0
Iter 4, No.1 philosopher_condvar is thinking
No.3 philosopher_sema quit
Iter 4, No.4 philosopher_sema is eating
No.1 philosopher_sema quit
Iter 4, No.2 philosopher_sema is eating
phi_take_forks_condvar: 4 didn't get fork and will wait
cond_wait begin:  cvp c0336a30, cvp->count 0, cvp->owner->next_count 0
phi_test_condvar: state_condvar[2] will eating
phi_test_condvar: signal self_cv[2] 
cond_signal begin: cvp c0336a08, cvp->count 1, cvp->owner->next_count 0
cond_wait end:  cvp c0336a08, cvp->count 0, cvp->owner->next_count 1
Iter 4, No.2 philosopher_condvar is eating
cond_signal end: cvp c0336a08, cvp->count 0, cvp->owner->next_count 0
Iter 4, No.3 philosopher_condvar is thinking
phi_take_forks_condvar: 1 didn't get fork and will wait
cond_wait begin:  cvp c03369f4, cvp->count 0, cvp->owner->next_count 0
phi_test_condvar: state_condvar[4] will eating
phi_test_condvar: signal self_cv[4] 
cond_signal begin: cvp c0336a30, cvp->count 1, cvp->owner->next_count 0
cond_wait end:  cvp c0336a30, cvp->count 0, cvp->owner->next_count 1
Iter 4, No.4 philosopher_condvar is eating
cond_signal end: cvp c0336a30, cvp->count 0, cvp->owner->next_count 0
Iter 4, No.0 philosopher_condvar is thinking
No.2 philosopher_sema quit
No.4 philosopher_sema quit
Iter 1, No.0 philosopher_sema is eating
phi_take_forks_condvar: 3 didn't get fork and will wait
cond_wait begin:  cvp c0336a1c, cvp->count 0, cvp->owner->next_count 0
phi_test_condvar: state_condvar[1] will eating
phi_test_condvar: signal self_cv[1] 
cond_signal begin: cvp c03369f4, cvp->count 1, cvp->owner->next_count 0
cond_wait end:  cvp c03369f4, cvp->count 0, cvp->owner->next_count 1
Iter 4, No.1 philosopher_condvar is eating
cond_signal end: cvp c03369f4, cvp->count 0, cvp->owner->next_count 0
No.2 philosopher_condvar quit
phi_take_forks_condvar: 0 didn't get fork and will wait
cond_wait begin:  cvp c03369e0, cvp->count 0, cvp->owner->next_count 0
phi_test_condvar: state_condvar[3] will eating
phi_test_condvar: signal self_cv[3] 
cond_signal begin: cvp c0336a1c, cvp->count 1, cvp->owner->next_count 0
cond_wait end:  cvp c0336a1c, cvp->count 0, cvp->owner->next_count 1
Iter 4, No.3 philosopher_condvar is eating
cond_signal end: cvp c0336a1c, cvp->count 0, cvp->owner->next_count 0
No.4 philosopher_condvar quit
Iter 2, No.0 philosopher_sema is thinking
phi_test_condvar: state_condvar[0] will eating
phi_test_condvar: signal self_cv[0] 
cond_signal begin: cvp c03369e0, cvp->count 1, cvp->owner->next_count 0
cond_wait end:  cvp c03369e0, cvp->count 0, cvp->owner->next_count 1
Iter 4, No.0 philosopher_condvar is eating
cond_signal end: cvp c03369e0, cvp->count 0, cvp->owner->next_count 0
No.1 philosopher_condvar quit
No.3 philosopher_condvar quit
Iter 2, No.0 philosopher_sema is eating
No.0 philosopher_condvar quit
Iter 3, No.0 philosopher_sema is thinking
Iter 3, No.0 philosopher_sema is eating
Iter 4, No.0 philosopher_sema is thinking
Iter 4, No.0 philosopher_sema is eating
No.0 philosopher_sema quit
0002: I am ''
000e: I am '1'
0010: I am '11'
0012: I am '111'
0014: I am '1111'
0013: I am '1110'
0011: I am '110'
0016: I am '1101'
0015: I am '1100'
000f: I am '10'
0018: I am '101'
001a: I am '1011'
0019: I am '1010'
0017: I am '100'
001c: I am '1001'
001b: I am '1000'
000d: I am '0'
001e: I am '01'
0020: I am '011'
0022: I am '0111'
0021: I am '0110'
001f: I am '010'
0024: I am '0101'
0023: I am '0100'
001d: I am '00'
0026: I am '001'
0028: I am '0011'
0027: I am '0010'
0025: I am '000'
002a: I am '0001'
0029: I am '0000'
sfs: cleanup: 'simple file system' (274/32494/32768)
all user-mode processes have quit.
init check memory pass.
kernel panic at kern/process/proc.c:549:
    initproc exit.

stack trackback:
ebp:0xc0339f88 eip:0xc0100cb6 args:0xc0115948 0xc0339fcc 0x00000225 0xc0339fb8 
    kern/debug/kdebug.c:350: print_stackframe+21
ebp:0xc0339fb8 eip:0xc0100568 args:0xc0118260 0x00000225 0xc01182c5 0xc015635c 
    kern/debug/panic.c:27: __panic+105
ebp:0xc0339fe8 eip:0xc010ce2a args:0x00000000 0x00000000 0x00000000 0x00000010 
    kern/process/proc.c:549: do_exit+91
Welcome to the kernel debug monitor!!
Type 'help' for a list of commands.
K> 